2024-03-15 17:47:38,890 - INFO - 这是一个 5 分类的图像算法任务！
2024-03-15 17:47:38,890 - INFO - Selected model: mobilenetv3_small
2024-03-15 17:47:41,288 - INFO - Epoch [1/10], Step [4/13], Loss: 1.6435, Accuracy: 19.53%
2024-03-15 17:47:43,476 - INFO - Epoch [1/10], Step [8/13], Loss: 1.4416, Accuracy: 40.62%
2024-03-15 17:47:45,654 - INFO - Epoch [1/10], Step [12/13], Loss: 1.2579, Accuracy: 56.25%
2024-03-15 17:47:47,192 - INFO - Epoch [1/10], Validation Loss: 1.5489, Validation Accuracy: 29.90%
2024-03-15 17:47:49,428 - INFO - Epoch [2/10], Step [4/13], Loss: 0.9253, Accuracy: 78.12%
2024-03-15 17:47:51,770 - INFO - Epoch [2/10], Step [8/13], Loss: 0.8798, Accuracy: 79.69%
2024-03-15 17:47:53,856 - INFO - Epoch [2/10], Step [12/13], Loss: 0.7794, Accuracy: 80.47%
2024-03-15 17:47:55,344 - INFO - Epoch [2/10], Validation Loss: 1.3086, Validation Accuracy: 45.36%
2024-03-15 17:47:57,342 - INFO - Epoch [3/10], Step [4/13], Loss: 0.6458, Accuracy: 86.72%
2024-03-15 17:47:59,761 - INFO - Epoch [3/10], Step [8/13], Loss: 0.5511, Accuracy: 86.72%
2024-03-15 17:48:01,920 - INFO - Epoch [3/10], Step [12/13], Loss: 0.4692, Accuracy: 94.53%
2024-03-15 17:48:03,496 - INFO - Epoch [3/10], Validation Loss: 1.1366, Validation Accuracy: 56.70%
2024-03-15 17:48:05,716 - INFO - Epoch [4/10], Step [4/13], Loss: 0.4522, Accuracy: 89.06%
2024-03-15 17:48:07,895 - INFO - Epoch [4/10], Step [8/13], Loss: 0.4714, Accuracy: 92.97%
2024-03-15 17:48:10,052 - INFO - Epoch [4/10], Step [12/13], Loss: 0.3706, Accuracy: 92.19%
2024-03-15 17:48:11,550 - INFO - Epoch [4/10], Validation Loss: 0.9841, Validation Accuracy: 65.98%
2024-03-15 17:48:13,649 - INFO - Epoch [5/10], Step [4/13], Loss: 0.3899, Accuracy: 89.84%
2024-03-15 17:48:15,987 - INFO - Epoch [5/10], Step [8/13], Loss: 0.3664, Accuracy: 90.62%
2024-03-15 17:48:18,208 - INFO - Epoch [5/10], Step [12/13], Loss: 0.3028, Accuracy: 95.31%
2024-03-15 17:48:19,722 - INFO - Epoch [5/10], Validation Loss: 0.8637, Validation Accuracy: 70.10%
2024-03-15 17:48:21,853 - INFO - Epoch [6/10], Step [4/13], Loss: 0.3308, Accuracy: 92.97%
2024-03-15 17:48:24,051 - INFO - Epoch [6/10], Step [8/13], Loss: 0.3182, Accuracy: 90.62%
2024-03-15 17:48:26,292 - INFO - Epoch [6/10], Step [12/13], Loss: 0.2843, Accuracy: 92.19%
2024-03-15 17:48:27,826 - INFO - Epoch [6/10], Validation Loss: 0.7681, Validation Accuracy: 69.07%
2024-03-15 17:48:29,907 - INFO - Epoch [7/10], Step [4/13], Loss: 0.2745, Accuracy: 93.75%
2024-03-15 17:48:32,146 - INFO - Epoch [7/10], Step [8/13], Loss: 0.3151, Accuracy: 90.62%
2024-03-15 17:48:34,435 - INFO - Epoch [7/10], Step [12/13], Loss: 0.2542, Accuracy: 93.75%
2024-03-15 17:48:35,911 - INFO - Epoch [7/10], Validation Loss: 0.6702, Validation Accuracy: 70.10%
2024-03-15 17:48:38,039 - INFO - Epoch [8/10], Step [4/13], Loss: 0.3007, Accuracy: 92.97%
2024-03-15 17:48:40,187 - INFO - Epoch [8/10], Step [8/13], Loss: 0.2609, Accuracy: 92.97%
2024-03-15 17:48:42,446 - INFO - Epoch [8/10], Step [12/13], Loss: 0.2139, Accuracy: 96.09%
2024-03-15 17:48:44,050 - INFO - Epoch [8/10], Validation Loss: 0.5844, Validation Accuracy: 72.16%
2024-03-15 17:48:46,341 - INFO - Epoch [9/10], Step [4/13], Loss: 0.2720, Accuracy: 92.97%
2024-03-15 17:48:48,580 - INFO - Epoch [9/10], Step [8/13], Loss: 0.2412, Accuracy: 95.31%
2024-03-15 17:48:50,691 - INFO - Epoch [9/10], Step [12/13], Loss: 0.2417, Accuracy: 92.19%
2024-03-15 17:48:52,287 - INFO - Epoch [9/10], Validation Loss: 0.5173, Validation Accuracy: 76.29%
2024-03-15 17:48:54,587 - INFO - Epoch [10/10], Step [4/13], Loss: 0.2639, Accuracy: 94.53%
2024-03-15 17:48:56,930 - INFO - Epoch [10/10], Step [8/13], Loss: 0.2202, Accuracy: 93.75%
2024-03-15 17:48:59,118 - INFO - Epoch [10/10], Step [12/13], Loss: 0.2209, Accuracy: 95.31%
2024-03-15 17:49:00,634 - INFO - Epoch [10/10], Validation Loss: 0.4510, Validation Accuracy: 79.38%
2024-03-15 17:50:25,956 - INFO - 这是一个 5 分类的图像算法任务！
2024-03-15 17:50:25,956 - INFO - type_info: ['bgDot_image\n', 'doc_image\n', 'lineTable_image\n', 'stamp_image\n', 'wlessTable_image']
2024-03-15 17:50:25,956 - INFO - Selected model: mobilenetv3_small
2024-03-15 17:50:28,185 - INFO - Epoch [1/10], Step [4/13], Loss: 1.6073, Accuracy: 24.22%
2024-03-15 17:50:30,496 - INFO - Epoch [1/10], Step [8/13], Loss: 1.4181, Accuracy: 43.75%
2024-03-15 17:50:32,745 - INFO - Epoch [1/10], Step [12/13], Loss: 1.2077, Accuracy: 62.50%
2024-03-15 17:50:34,271 - INFO - Epoch [1/10], Validation Loss: 1.5609, Validation Accuracy: 23.71%
2024-03-15 17:50:36,560 - INFO - Epoch [2/10], Step [4/13], Loss: 0.9577, Accuracy: 78.12%
2024-03-15 17:50:38,729 - INFO - Epoch [2/10], Step [8/13], Loss: 0.8430, Accuracy: 74.22%
2024-03-15 17:50:40,878 - INFO - Epoch [2/10], Step [12/13], Loss: 0.6768, Accuracy: 82.81%
2024-03-15 17:50:42,361 - INFO - Epoch [2/10], Validation Loss: 1.3564, Validation Accuracy: 34.02%
2024-03-15 17:50:44,704 - INFO - Epoch [3/10], Step [4/13], Loss: 0.6100, Accuracy: 86.72%
2024-03-15 17:50:46,974 - INFO - Epoch [3/10], Step [8/13], Loss: 0.5339, Accuracy: 88.28%
2024-03-15 17:50:49,263 - INFO - Epoch [3/10], Step [12/13], Loss: 0.4753, Accuracy: 87.50%
2024-03-15 17:50:50,769 - INFO - Epoch [3/10], Validation Loss: 1.2015, Validation Accuracy: 43.30%
2024-03-15 17:50:52,897 - INFO - Epoch [4/10], Step [4/13], Loss: 0.4567, Accuracy: 87.50%
2024-03-15 17:50:55,247 - INFO - Epoch [4/10], Step [8/13], Loss: 0.4034, Accuracy: 89.84%
2024-03-15 17:50:57,485 - INFO - Epoch [4/10], Step [12/13], Loss: 0.3855, Accuracy: 94.53%
2024-03-15 17:50:58,971 - INFO - Epoch [4/10], Validation Loss: 1.0410, Validation Accuracy: 54.64%
2024-03-15 17:51:01,159 - INFO - Epoch [5/10], Step [4/13], Loss: 0.3707, Accuracy: 91.41%
2024-03-15 17:51:03,550 - INFO - Epoch [5/10], Step [8/13], Loss: 0.3682, Accuracy: 90.62%
2024-03-15 17:51:05,598 - INFO - Epoch [5/10], Step [12/13], Loss: 0.3022, Accuracy: 95.31%
2024-03-15 17:51:07,135 - INFO - Epoch [5/10], Validation Loss: 0.8895, Validation Accuracy: 64.95%
2024-03-15 17:51:09,304 - INFO - Epoch [6/10], Step [4/13], Loss: 0.2808, Accuracy: 93.75%
2024-03-15 17:51:11,715 - INFO - Epoch [6/10], Step [8/13], Loss: 0.3813, Accuracy: 87.50%
2024-03-15 17:51:13,964 - INFO - Epoch [6/10], Step [12/13], Loss: 0.2679, Accuracy: 97.66%
2024-03-15 17:51:15,645 - INFO - Epoch [6/10], Validation Loss: 0.7447, Validation Accuracy: 71.13%
2024-03-15 17:51:17,817 - INFO - Epoch [7/10], Step [4/13], Loss: 0.3425, Accuracy: 90.62%
2024-03-15 17:51:20,124 - INFO - Epoch [7/10], Step [8/13], Loss: 0.2528, Accuracy: 93.75%
2024-03-15 17:51:22,555 - INFO - Epoch [7/10], Step [12/13], Loss: 0.2593, Accuracy: 96.88%
2024-03-15 17:51:24,484 - INFO - Epoch [7/10], Validation Loss: 0.6483, Validation Accuracy: 77.32%
2024-03-15 17:51:27,335 - INFO - Epoch [8/10], Step [4/13], Loss: 0.2962, Accuracy: 90.62%
2024-03-15 17:51:30,101 - INFO - Epoch [8/10], Step [8/13], Loss: 0.2565, Accuracy: 96.88%
2024-03-15 17:51:33,033 - INFO - Epoch [8/10], Step [12/13], Loss: 0.2452, Accuracy: 95.31%
2024-03-15 17:51:34,952 - INFO - Epoch [8/10], Validation Loss: 0.5603, Validation Accuracy: 84.54%
2024-03-15 17:51:37,414 - INFO - Epoch [9/10], Step [4/13], Loss: 0.2312, Accuracy: 92.19%
2024-03-15 17:51:40,437 - INFO - Epoch [9/10], Step [8/13], Loss: 0.2739, Accuracy: 93.75%
2024-03-15 17:51:43,236 - INFO - Epoch [9/10], Step [12/13], Loss: 0.2395, Accuracy: 96.09%
2024-03-15 17:51:45,118 - INFO - Epoch [9/10], Validation Loss: 0.4716, Validation Accuracy: 89.69%
2024-03-15 17:51:48,040 - INFO - Epoch [10/10], Step [4/13], Loss: 0.2077, Accuracy: 97.66%
2024-03-15 17:51:51,013 - INFO - Epoch [10/10], Step [8/13], Loss: 0.2087, Accuracy: 96.88%
2024-03-15 17:51:53,855 - INFO - Epoch [10/10], Step [12/13], Loss: 0.2440, Accuracy: 92.19%
2024-03-15 17:51:55,824 - INFO - Epoch [10/10], Validation Loss: 0.4102, Validation Accuracy: 90.72%
